
An unexpected exception has been detected in native code outside the VM.
Unexpected Signal : EXCEPTION_ACCESS_VIOLATION (0xc0000005) occurred at PC=0x18A623CF
Function=Java_sun_awt_windows_WColor_getDefaultColor+0x2E1D
Library=C:\j2sdk1.4.2_01\jre\bin\awt.dll

Current Java thread:
	at sun.awt.windows.WToolkit.eventLoop(Native Method)
	at sun.awt.windows.WToolkit.run(WToolkit.java:262)
	at java.lang.Thread.run(Thread.java:534)

Dynamic libraries:
0x00400000 - 0x00CC3000 	C:\Program Files\Metrowerks\CodeWarrior\Bin\IDE.exe
0x77F80000 - 0x77FFB000 	C:\WINNT\system32\ntdll.dll
0x7C2D0000 - 0x7C332000 	C:\WINNT\system32\ADVAPI32.dll
0x7C570000 - 0x7C623000 	C:\WINNT\system32\KERNEL32.DLL
0x77D30000 - 0x77D9E000 	C:\WINNT\system32\RPCRT4.DLL
0x55000000 - 0x550AA000 	C:\Program Files\Metrowerks\CodeWarrior\Bin\ASINTPPC.dll
0x77F40000 - 0x77F79000 	C:\WINNT\system32\GDI32.dll
0x77E10000 - 0x77E6F000 	C:\WINNT\system32\USER32.dll
0x10000000 - 0x1003E000 	C:\Program Files\Metrowerks\CodeWarrior\Bin\IDE_MSL_DLL80_x86.dll
0x76620000 - 0x76631000 	C:\WINNT\system32\MPR.dll
0x76B30000 - 0x76B6E000 	C:\WINNT\system32\comdlg32.dll
0x70A70000 - 0x70AD5000 	C:\WINNT\system32\SHLWAPI.DLL
0x78000000 - 0x78045000 	C:\WINNT\system32\msvcrt.dll
0x71710000 - 0x71794000 	C:\WINNT\system32\COMCTL32.DLL
0x782F0000 - 0x78538000 	C:\WINNT\system32\SHELL32.DLL
0x551C0000 - 0x5537D000 	C:\Program Files\Metrowerks\CodeWarrior\Bin\IDE_MFC60cw.dll
0x00230000 - 0x00262000 	C:\WINNT\system32\ODBC32.dll
0x779B0000 - 0x77A4B000 	C:\WINNT\system32\OLEAUT32.dll
0x77A50000 - 0x77B3C000 	C:\WINNT\system32\ole32.dll
0x695E0000 - 0x69609000 	C:\WINNT\system32\OLEPRO32.DLL
0x70200000 - 0x70295000 	C:\WINNT\system32\WININET.dll
0x77440000 - 0x774B8000 	C:\WINNT\system32\CRYPT32.dll
0x77430000 - 0x77440000 	C:\WINNT\system32\MSASN1.DLL
0x77800000 - 0x7781E000 	C:\WINNT\system32\WINSPOOL.DRV
0x75050000 - 0x75058000 	C:\WINNT\system32\WSOCK32.dll
0x75030000 - 0x75044000 	C:\WINNT\system32\WS2_32.DLL
0x75020000 - 0x75028000 	C:\WINNT\system32\WS2HELP.DLL
0x752F0000 - 0x7530F000 	C:\WINNT\system32\oledlg.dll
0x1A400000 - 0x1A47A000 	C:\WINNT\system32\urlmon.dll
0x77820000 - 0x77827000 	C:\WINNT\system32\VERSION.dll
0x759B0000 - 0x759B6000 	C:\WINNT\system32\LZ32.DLL
0x75E60000 - 0x75E7A000 	C:\WINNT\system32\IMM32.dll
0x00270000 - 0x002C0000 	C:\Program Files\Metrowerks\CodeWarrior\Bin\LMGR326B.dll
0x75170000 - 0x751BF000 	C:\WINNT\system32\NETAPI32.dll
0x7C340000 - 0x7C34F000 	C:\WINNT\system32\SECUR32.DLL
0x751C0000 - 0x751C6000 	C:\WINNT\system32\NETRAP.DLL
0x75150000 - 0x7515F000 	C:\WINNT\system32\SAMLIB.DLL
0x77950000 - 0x7797A000 	C:\WINNT\system32\WLDAP32.DLL
0x77980000 - 0x779A4000 	C:\WINNT\system32\DNSAPI.DLL
0x55640000 - 0x55682000 	C:\Program Files\Metrowerks\CodeWarrior\Bin\MWCore5_0.dll
0x55840000 - 0x55857000 	C:\Program Files\Metrowerks\CodeWarrior\Bin\PluginLib5.dll
0x0A930000 - 0x0A951000 	C:\Program Files\Metrowerks\CodeWarrior\Bin\SHW32.dll
0x55700000 - 0x55749000 	C:\Program Files\Metrowerks\CodeWarrior\Bin\MWRADUtils.dll
0x1F850000 - 0x1F866000 	C:\WINNT\system32\odbcint.dll
0x5D300000 - 0x5D380000 	C:\WINNT\System32\hhctrl.ocx
0x775A0000 - 0x77626000 	C:\WINNT\system32\CLBCATQ.DLL
0x56720000 - 0x56733000 	C:\Program Files\Metrowerks\CodeWarrior\Bin\plugins\support\MWComBase.dll
0x56740000 - 0x567AA000 	C:\Program Files\Metrowerks\CodeWarrior\Bin\plugins\support\MWComHelpers.dll
0x022A0000 - 0x022AD000 	C:\Program Files\Metrowerks\CodeWarrior\Bin\resource\IDEResources.dll
0x77840000 - 0x7787E000 	C:\WINNT\system32\cscui.dll
0x770C0000 - 0x770E3000 	C:\WINNT\system32\CSCDLL.DLL
0x557A0000 - 0x557BF000 	C:\Program Files\Metrowerks\CodeWarrior\Bin\PluginLib3.dll
0x55800000 - 0x55817000 	C:\Program Files\Metrowerks\CodeWarrior\Bin\PluginLib4.dll
0x55880000 - 0x5588D000 	C:\Program Files\Metrowerks\CodeWarrior\Bin\Plugins\COM\CatalogJavaPlugIn.dll
0x558A0000 - 0x55912000 	C:\Program Files\Metrowerks\CodeWarrior\Bin\Plugins\COM\CatalogPlugin.dll
0x02310000 - 0x02363000 	C:\Program Files\Metrowerks\CodeWarrior\Bin\Plugins\COM\CPPCodeCompletion.dll
0x559A0000 - 0x55A3C000 	C:\Program Files\Metrowerks\CodeWarrior\Bin\Plugins\COM\JavaCodeCompletion.dll
0x02370000 - 0x02388000 	C:\Program Files\Metrowerks\CodeWarrior\Bin\jvmdb.dll
0x55AE0000 - 0x55AF4000 	C:\Program Files\Metrowerks\CodeWarrior\Bin\Plugins\COM\JavaRAD.dll
0x55B20000 - 0x55BA8000 	C:\Program Files\Metrowerks\CodeWarrior\Bin\Plugins\COM\LayoutEditor.dll
0x02390000 - 0x0239E000 	C:\Program Files\Metrowerks\CodeWarrior\Bin\Plugins\COM\LogPoint.dll
0x55BE0000 - 0x55C39000 	C:\Program Files\Metrowerks\CodeWarrior\Bin\Plugins\COM\Makefile.dll
0x62000000 - 0x6202E000 	C:\Program Files\Metrowerks\CodeWarrior\Bin\Plugins\COM\MakefileExporter.dll
0x55CA0000 - 0x55CDE000 	C:\Program Files\Metrowerks\CodeWarrior\Bin\Plugins\COM\MenuEditor.dll
0x55D40000 - 0x55D9C000 	C:\Program Files\Metrowerks\CodeWarrior\Bin\Plugins\COM\ObjectInspector.dll
0x77570000 - 0x775A0000 	C:\WINNT\system32\WINMM.dll
0x58100000 - 0x5810E000 	C:\Program Files\Metrowerks\CodeWarrior\Bin\Plugins\COM\PausePoint.dll
0x58040000 - 0x5804E000 	C:\Program Files\Metrowerks\CodeWarrior\Bin\Plugins\COM\ScriptPoint.dll
0x58080000 - 0x5808E000 	C:\Program Files\Metrowerks\CodeWarrior\Bin\Plugins\COM\SkipPoint.dll
0x580C0000 - 0x580CF000 	C:\Program Files\Metrowerks\CodeWarrior\Bin\Plugins\COM\SoundPoint.dll
0x023A0000 - 0x023AE000 	C:\Program Files\Metrowerks\CodeWarrior\Bin\Plugins\COM\VariableFormatter.dll
0x55E40000 - 0x55E67000 	C:\Program Files\Metrowerks\CodeWarrior\Bin\Plugins\Debugger\CodeViewSymbolics.DLL
0x55EA0000 - 0x55EB2000 	C:\Program Files\Metrowerks\CodeWarrior\Bin\Plugins\Debugger\Disassemblerx86.dll
0x56060000 - 0x5609D000 	C:\Program Files\Metrowerks\CodeWarrior\Bin\Plugins\Debugger\JavaSymbolics.dll
0x02790000 - 0x027D3000 	C:\Program Files\Metrowerks\CodeWarrior\Bin\Plugins\Debugger\SunJavaPlugin.dll
0x56180000 - 0x561A2000 	C:\Program Files\Metrowerks\CodeWarrior\Bin\Plugins\Debugger\SymSymbolics.DLL
0x561E0000 - 0x56215000 	C:\Program Files\Metrowerks\CodeWarrior\Bin\Plugins\Debugger\Win32Debugger.DLL
0x02A60000 - 0x02A6A000 	C:\Program Files\Metrowerks\CodeWarrior\Bin\resource\JavaResources.dll
0x02AD0000 - 0x02AD3000 	C:\Program Files\Metrowerks\CodeWarrior\Bin\resource\MakefileResources.dll
0x02AE0000 - 0x02B8B000 	C:\Program Files\Metrowerks\CodeWarrior\Bin\Plugins\Linker\ln_java.dll
0x56820000 - 0x568B4000 	C:\Program Files\Metrowerks\CodeWarrior\Bin\plugins\Support\MWRadModel.dll
0x56420000 - 0x564E0000 	C:\Program Files\Metrowerks\CodeWarrior\Bin\plugins\Support\JavaRADServer.dll
0x08000000 - 0x08136000 	C:\j2sdk1.4.2_01\jre\bin\client\jvm.dll
0x02C10000 - 0x02C17000 	C:\j2sdk1.4.2_01\jre\bin\hpi.dll
0x02C30000 - 0x02C3E000 	C:\j2sdk1.4.2_01\jre\bin\verify.dll
0x02C40000 - 0x02C58000 	C:\j2sdk1.4.2_01\jre\bin\java.dll
0x02C60000 - 0x02C6D000 	C:\j2sdk1.4.2_01\jre\bin\zip.dll
0x189F0000 - 0x18AFF000 	C:\j2sdk1.4.2_01\jre\bin\awt.dll
0x18B00000 - 0x18B50000 	C:\j2sdk1.4.2_01\jre\bin\fontmanager.dll
0x51000000 - 0x51047000 	C:\WINNT\system32\ddraw.dll
0x728A0000 - 0x728A6000 	C:\WINNT\system32\DCIMAN32.dll
0x5C000000 - 0x5C0C8000 	C:\WINNT\system32\D3DIM700.DLL
0x56280000 - 0x562F1000 	C:\Program Files\Metrowerks\CodeWarrior\Bin\plugins\support\Catalog.dll
0x02A10000 - 0x02A4D000 	C:\Program Files\Network Associates\VirusScan\Wbhook32.dll
0x04FC0000 - 0x04FC9000 	C:\Program Files\Network Associates\VirusScan\Res09\WbhkRes.dll
0x06280000 - 0x06293000 	C:\Program Files\Metrowerks\CodeWarrior\Bin\sunvmhub.dll
0x77920000 - 0x77943000 	C:\WINNT\system32\imagehlp.dll
0x72A00000 - 0x72A2D000 	C:\WINNT\system32\DBGHELP.dll
0x690A0000 - 0x690AB000 	C:\WINNT\system32\PSAPI.DLL

Heap at VM Abort:
Heap
 def new generation   total 576K, used 36K [0x10040000, 0x100e0000, 0x10520000)
  eden space 512K,   6% used [0x10040000, 0x10047ff8, 0x100c0000)
  from space 64K,   6% used [0x100d0000, 0x100d11a0, 0x100e0000)
  to   space 64K,   0% used [0x100c0000, 0x100c0000, 0x100d0000)
 tenured generation   total 5140K, used 3845K [0x10520000, 0x10a25000, 0x14040000)
   the space 5140K,  74% used [0x10520000, 0x108e17e0, 0x108e1800, 0x10a25000)
 compacting perm gen  total 6912K, used 6889K [0x14040000, 0x14700000, 0x18040000)
   the space 6912K,  99% used [0x14040000, 0x146fa658, 0x146fa800, 0x14700000)

Local Time = Fri Jan 02 06:34:21 2004
Elapsed Time = 698
#
# The exception above was detected in native code outside the VM
#
# Java VM: Java HotSpot(TM) Client VM (1.4.2_01-b06 mixed mode)
#
